This file contains any messages produced by compilers while
running configure, to aid debugging if configure makes a mistake.

It was created by PDCurses configure 3.8, which was
generated by GNU Autoconf 2.69.  Invocation command line was

  $ ./configure 

## --------- ##
## Platform. ##
## --------- ##

hostname = SUSPRO554U
uname -m = x86_64
uname -r = 6.3.9-arch1-1
uname -s = Linux
uname -v = #1 SMP PREEMPT_DYNAMIC Wed, 21 Jun 2023 20:46:20 +0000

/usr/bin/uname -p = unknown
/bin/uname -X     = unknown

/bin/arch              = unknown
/usr/bin/arch -k       = unknown
/usr/convex/getsysinfo = unknown
/usr/bin/hostinfo      = unknown
/bin/machine           = unknown
/usr/bin/oslevel       = unknown
/bin/universe          = unknown

PATH: /home/haley/.perl5/bin
PATH: /usr/local/sbin
PATH: /usr/local/bin
PATH: /usr/bin
PATH: /opt/brlcad-bin/bin
PATH: /usr/lib/jvm/default/bin
PATH: /usr/bin/site_perl
PATH: /usr/bin/vendor_perl
PATH: /usr/bin/core_perl
PATH: /usr/lib/plan9/bin
PATH: /opt/plan9/bin/


## ----------- ##
## Core tests. ##
## ----------- ##

configure:2219: checking for gcc
configure:2235: found /usr/bin/gcc
configure:2246: result: gcc
configure:2475: checking for C compiler version
configure:2484: gcc --version >&5
gcc (GCC) 13.1.1 20230429
Copyright (C) 2023 Free Software Foundation, Inc.
This is free software; see the source for copying conditions.  There is NO
warranty; not even for MERCHANTABILITY or FITNESS FOR A PARTICULAR PURPOSE.

configure:2495: $? = 0
configure:2484: gcc -v >&5
Using built-in specs.
COLLECT_GCC=gcc
COLLECT_LTO_WRAPPER=/usr/lib/gcc/x86_64-pc-linux-gnu/13.1.1/lto-wrapper
Target: x86_64-pc-linux-gnu
Configured with: /build/gcc/src/gcc/configure --enable-languages=ada,c,c++,d,fortran,go,lto,objc,obj-c++ --enable-bootstrap --prefix=/usr --libdir=/usr/lib --libexecdir=/usr/lib --mandir=/usr/share/man --infodir=/usr/share/info --with-bugurl=https://bugs.archlinux.org/ --with-build-config=bootstrap-lto --with-linker-hash-style=gnu --with-system-zlib --enable-__cxa_atexit --enable-cet=auto --enable-checking=release --enable-clocale=gnu --enable-default-pie --enable-default-ssp --enable-gnu-indirect-function --enable-gnu-unique-object --enable-libstdcxx-backtrace --enable-link-serialization=1 --enable-linker-build-id --enable-lto --enable-multilib --enable-plugin --enable-shared --enable-threads=posix --disable-libssp --disable-libstdcxx-pch --disable-werror
Thread model: posix
Supported LTO compression algorithms: zlib zstd
gcc version 13.1.1 20230429 (GCC) 
configure:2495: $? = 0
configure:2484: gcc -V >&5
gcc: error: unrecognized command-line option '-V'
gcc: fatal error: no input files
compilation terminated.
configure:2495: $? = 1
configure:2484: gcc -qversion >&5
gcc: error: unrecognized command-line option '-qversion'; did you mean '--version'?
gcc: fatal error: no input files
compilation terminated.
configure:2495: $? = 1
configure:2515: checking whether the C compiler works
configure:2537: gcc    conftest.c  >&5
configure:2541: $? = 0
configure:2589: result: yes
configure:2592: checking for C compiler default output file name
configure:2594: result: a.out
configure:2600: checking for suffix of executables
configure:2607: gcc -o conftest    conftest.c  >&5
configure:2611: $? = 0
configure:2633: result: 
configure:2655: checking whether we are cross compiling
configure:2663: gcc -o conftest    conftest.c  >&5
configure:2667: $? = 0
configure:2674: ./conftest
configure:2678: $? = 0
configure:2693: result: no
configure:2698: checking for suffix of object files
configure:2720: gcc -c   conftest.c >&5
configure:2724: $? = 0
configure:2745: result: o
configure:2749: checking whether we are using the GNU C compiler
configure:2768: gcc -c   conftest.c >&5
configure:2768: $? = 0
configure:2777: result: yes
configure:2786: checking whether gcc accepts -g
configure:2806: gcc -c -g  conftest.c >&5
configure:2806: $? = 0
configure:2847: result: yes
configure:2864: checking for gcc option to accept ISO C89
configure:2927: gcc  -c -g -O2  conftest.c >&5
configure:2927: $? = 0
configure:2940: result: none needed
configure:2996: checking build system type
configure:3010: result: x86_64-unknown-linux-gnu
configure:3030: checking host system type
configure:3043: result: x86_64-unknown-linux-gnu
configure:3063: checking target system type
configure:3076: result: x86_64-unknown-linux-gnu
configure:3127: checking for maximum signal specifier:
configure:3146: gcc -c -g -O2   conftest.c >&5
configure:3146: $? = 0
configure:3164: result: NSIG
configure:3212: checking for ranlib
configure:3228: found /usr/bin/ranlib
configure:3239: result: ranlib
configure:3275: checking for a BSD-compatible install
configure:3343: result: /usr/bin/install -c
configure:3354: checking whether make sets $(MAKE)
configure:3376: result: yes
configure:3391: checking how to run the C preprocessor
configure:3422: gcc -E  conftest.c
configure:3422: $? = 0
configure:3436: gcc -E  conftest.c
conftest.c:10:10: fatal error: ac_nonexistent.h: No such file or directory
   10 | #include <ac_nonexistent.h>
      |          ^~~~~~~~~~~~~~~~~~
compilation terminated.
configure:3436: $? = 1
configure: failed program was:
| /* confdefs.h */
| #define PACKAGE_NAME "PDCurses"
| #define PACKAGE_TARNAME "PDCurses"
| #define PACKAGE_VERSION "3.8"
| #define PACKAGE_STRING "PDCurses 3.8"
| #define PACKAGE_BUGREPORT "wmcbrine@gmail.com"
| #define PACKAGE_URL ""
| #define PDC_MAX_SIGNALS NSIG
| /* end confdefs.h.  */
| #include <ac_nonexistent.h>
configure:3461: result: gcc -E
configure:3481: gcc -E  conftest.c
configure:3481: $? = 0
configure:3495: gcc -E  conftest.c
conftest.c:10:10: fatal error: ac_nonexistent.h: No such file or directory
   10 | #include <ac_nonexistent.h>
      |          ^~~~~~~~~~~~~~~~~~
compilation terminated.
configure:3495: $? = 1
configure: failed program was:
| /* confdefs.h */
| #define PACKAGE_NAME "PDCurses"
| #define PACKAGE_TARNAME "PDCurses"
| #define PACKAGE_VERSION "3.8"
| #define PACKAGE_STRING "PDCurses 3.8"
| #define PACKAGE_BUGREPORT "wmcbrine@gmail.com"
| #define PACKAGE_URL ""
| #define PDC_MAX_SIGNALS NSIG
| /* end confdefs.h.  */
| #include <ac_nonexistent.h>
configure:3524: checking for grep that handles long lines and -e
configure:3582: result: /usr/bin/grep
configure:3587: checking for egrep
configure:3649: result: /usr/bin/grep -E
configure:3654: checking for ANSI C header files
configure:3674: gcc -c -g -O2  conftest.c >&5
configure:3674: $? = 0
configure:3747: gcc -o conftest -g -O2   conftest.c  >&5
configure:3747: $? = 0
configure:3747: ./conftest
configure:3747: $? = 0
configure:3758: result: yes
configure:3771: checking for sys/types.h
configure:3771: gcc -c -g -O2  conftest.c >&5
configure:3771: $? = 0
configure:3771: result: yes
configure:3771: checking for sys/stat.h
configure:3771: gcc -c -g -O2  conftest.c >&5
configure:3771: $? = 0
configure:3771: result: yes
configure:3771: checking for stdlib.h
configure:3771: gcc -c -g -O2  conftest.c >&5
configure:3771: $? = 0
configure:3771: result: yes
configure:3771: checking for string.h
configure:3771: gcc -c -g -O2  conftest.c >&5
configure:3771: $? = 0
configure:3771: result: yes
configure:3771: checking for memory.h
configure:3771: gcc -c -g -O2  conftest.c >&5
configure:3771: $? = 0
configure:3771: result: yes
configure:3771: checking for strings.h
configure:3771: gcc -c -g -O2  conftest.c >&5
configure:3771: $? = 0
configure:3771: result: yes
configure:3771: checking for inttypes.h
configure:3771: gcc -c -g -O2  conftest.c >&5
configure:3771: $? = 0
configure:3771: result: yes
configure:3771: checking for stdint.h
configure:3771: gcc -c -g -O2  conftest.c >&5
configure:3771: $? = 0
configure:3771: result: yes
configure:3771: checking for unistd.h
configure:3771: gcc -c -g -O2  conftest.c >&5
configure:3771: $? = 0
configure:3771: result: yes
configure:3784: checking sys/ipc.h usability
configure:3784: gcc -c -g -O2  conftest.c >&5
configure:3784: $? = 0
configure:3784: result: yes
configure:3784: checking sys/ipc.h presence
configure:3784: gcc -E  conftest.c
configure:3784: $? = 0
configure:3784: result: yes
configure:3784: checking for sys/ipc.h
configure:3784: result: yes
configure:3808: checking fcntl.h usability
configure:3808: gcc -c -g -O2  conftest.c >&5
configure:3808: $? = 0
configure:3808: result: yes
configure:3808: checking fcntl.h presence
configure:3808: gcc -E  conftest.c
configure:3808: $? = 0
configure:3808: result: yes
configure:3808: checking for fcntl.h
configure:3808: result: yes
configure:3808: checking sys/time.h usability
configure:3808: gcc -c -g -O2  conftest.c >&5
configure:3808: $? = 0
configure:3808: result: yes
configure:3808: checking sys/time.h presence
configure:3808: gcc -E  conftest.c
configure:3808: $? = 0
configure:3808: result: yes
configure:3808: checking for sys/time.h
configure:3808: result: yes
configure:3808: checking sys/select.h usability
configure:3808: gcc -c -g -O2  conftest.c >&5
configure:3808: $? = 0
configure:3808: result: yes
configure:3808: checking sys/select.h presence
configure:3808: gcc -E  conftest.c
configure:3808: $? = 0
configure:3808: result: yes
configure:3808: checking for sys/select.h
configure:3808: result: yes
configure:3808: checking dlfcn.h usability
configure:3808: gcc -c -g -O2  conftest.c >&5
configure:3808: $? = 0
configure:3808: result: yes
configure:3808: checking dlfcn.h presence
configure:3808: gcc -E  conftest.c
configure:3808: $? = 0
configure:3808: result: yes
configure:3808: checking for dlfcn.h
configure:3808: result: yes
configure:3808: checking dl.h usability
configure:3808: gcc -c -g -O2  conftest.c >&5
conftest.c:57:10: fatal error: dl.h: No such file or directory
   57 | #include <dl.h>
      |          ^~~~~~
compilation terminated.
configure:3808: $? = 1
configure: failed program was:
| /* confdefs.h */
| #define PACKAGE_NAME "PDCurses"
| #define PACKAGE_TARNAME "PDCurses"
| #define PACKAGE_VERSION "3.8"
| #define PACKAGE_STRING "PDCurses 3.8"
| #define PACKAGE_BUGREPORT "wmcbrine@gmail.com"
| #define PACKAGE_URL ""
| #define PDC_MAX_SIGNALS NSIG
| #define STDC_HEADERS 1
| #define HAVE_SYS_TYPES_H 1
| #define HAVE_SYS_STAT_H 1
| #define HAVE_STDLIB_H 1
| #define HAVE_STRING_H 1
| #define HAVE_MEMORY_H 1
| #define HAVE_STRINGS_H 1
| #define HAVE_INTTYPES_H 1
| #define HAVE_STDINT_H 1
| #define HAVE_UNISTD_H 1
| #define HAVE_FCNTL_H 1
| #define HAVE_SYS_TIME_H 1
| #define HAVE_SYS_SELECT_H 1
| #define HAVE_DLFCN_H 1
| /* end confdefs.h.  */
| #include <stdio.h>
| #ifdef HAVE_SYS_TYPES_H
| # include <sys/types.h>
| #endif
| #ifdef HAVE_SYS_STAT_H
| # include <sys/stat.h>
| #endif
| #ifdef STDC_HEADERS
| # include <stdlib.h>
| # include <stddef.h>
| #else
| # ifdef HAVE_STDLIB_H
| #  include <stdlib.h>
| # endif
| #endif
| #ifdef HAVE_STRING_H
| # if !defined STDC_HEADERS && defined HAVE_MEMORY_H
| #  include <memory.h>
| # endif
| # include <string.h>
| #endif
| #ifdef HAVE_STRINGS_H
| # include <strings.h>
| #endif
| #ifdef HAVE_INTTYPES_H
| # include <inttypes.h>
| #endif
| #ifdef HAVE_STDINT_H
| # include <stdint.h>
| #endif
| #ifdef HAVE_UNISTD_H
| # include <unistd.h>
| #endif
| #include <dl.h>
configure:3808: result: no
configure:3808: checking dl.h presence
configure:3808: gcc -E  conftest.c
conftest.c:24:10: fatal error: dl.h: No such file or directory
   24 | #include <dl.h>
      |          ^~~~~~
compilation terminated.
configure:3808: $? = 1
configure: failed program was:
| /* confdefs.h */
| #define PACKAGE_NAME "PDCurses"
| #define PACKAGE_TARNAME "PDCurses"
| #define PACKAGE_VERSION "3.8"
| #define PACKAGE_STRING "PDCurses 3.8"
| #define PACKAGE_BUGREPORT "wmcbrine@gmail.com"
| #define PACKAGE_URL ""
| #define PDC_MAX_SIGNALS NSIG
| #define STDC_HEADERS 1
| #define HAVE_SYS_TYPES_H 1
| #define HAVE_SYS_STAT_H 1
| #define HAVE_STDLIB_H 1
| #define HAVE_STRING_H 1
| #define HAVE_MEMORY_H 1
| #define HAVE_STRINGS_H 1
| #define HAVE_INTTYPES_H 1
| #define HAVE_STDINT_H 1
| #define HAVE_UNISTD_H 1
| #define HAVE_FCNTL_H 1
| #define HAVE_SYS_TIME_H 1
| #define HAVE_SYS_SELECT_H 1
| #define HAVE_DLFCN_H 1
| /* end confdefs.h.  */
| #include <dl.h>
configure:3808: result: no
configure:3808: checking for dl.h
configure:3808: result: no
configure:3819: checking whether time.h and sys/time.h may both be included
configure:3839: gcc -c -g -O2  conftest.c >&5
configure:3839: $? = 0
configure:3846: result: yes
configure:3870: checking for main in -lsocket
configure:3889: gcc -o conftest -g -O2   conftest.c -lsocket   >&5
/usr/bin/ld: cannot find -lsocket: No such file or directory
collect2: error: ld returned 1 exit status
configure:3889: $? = 1
configure: failed program was:
| /* confdefs.h */
| #define PACKAGE_NAME "PDCurses"
| #define PACKAGE_TARNAME "PDCurses"
| #define PACKAGE_VERSION "3.8"
| #define PACKAGE_STRING "PDCurses 3.8"
| #define PACKAGE_BUGREPORT "wmcbrine@gmail.com"
| #define PACKAGE_URL ""
| #define PDC_MAX_SIGNALS NSIG
| #define STDC_HEADERS 1
| #define HAVE_SYS_TYPES_H 1
| #define HAVE_SYS_STAT_H 1
| #define HAVE_STDLIB_H 1
| #define HAVE_STRING_H 1
| #define HAVE_MEMORY_H 1
| #define HAVE_STRINGS_H 1
| #define HAVE_INTTYPES_H 1
| #define HAVE_STDINT_H 1
| #define HAVE_UNISTD_H 1
| #define HAVE_FCNTL_H 1
| #define HAVE_SYS_TIME_H 1
| #define HAVE_SYS_SELECT_H 1
| #define HAVE_DLFCN_H 1
| #define TIME_WITH_SYS_TIME 1
| /* end confdefs.h.  */
| 
| 
| int
| main ()
| {
| return main ();
|   ;
|   return 0;
| }
configure:3899: result: no
configure:3870: checking for main in -lnls
configure:3889: gcc -o conftest -g -O2   conftest.c -lnls   >&5
/usr/bin/ld: cannot find -lnls: No such file or directory
collect2: error: ld returned 1 exit status
configure:3889: $? = 1
configure: failed program was:
| /* confdefs.h */
| #define PACKAGE_NAME "PDCurses"
| #define PACKAGE_TARNAME "PDCurses"
| #define PACKAGE_VERSION "3.8"
| #define PACKAGE_STRING "PDCurses 3.8"
| #define PACKAGE_BUGREPORT "wmcbrine@gmail.com"
| #define PACKAGE_URL ""
| #define PDC_MAX_SIGNALS NSIG
| #define STDC_HEADERS 1
| #define HAVE_SYS_TYPES_H 1
| #define HAVE_SYS_STAT_H 1
| #define HAVE_STDLIB_H 1
| #define HAVE_STRING_H 1
| #define HAVE_MEMORY_H 1
| #define HAVE_STRINGS_H 1
| #define HAVE_INTTYPES_H 1
| #define HAVE_STDINT_H 1
| #define HAVE_UNISTD_H 1
| #define HAVE_FCNTL_H 1
| #define HAVE_SYS_TIME_H 1
| #define HAVE_SYS_SELECT_H 1
| #define HAVE_DLFCN_H 1
| #define TIME_WITH_SYS_TIME 1
| /* end confdefs.h.  */
| 
| 
| int
| main ()
| {
| return main ();
|   ;
|   return 0;
| }
configure:3899: result: no
configure:3915: checking whether gcc understand -c and -o together
configure:3927: gcc -c conftest.c -o conftest.ooo 1>&5
conftest.c:1:1: warning: return type defaults to 'int' [-Wimplicit-int]
    1 | foo(){}
      | ^~~
configure:3930: $? = 0
configure:3931: gcc -c conftest.c -o conftest.ooo 1>&5
conftest.c:1:1: warning: return type defaults to 'int' [-Wimplicit-int]
    1 | foo(){}
      | ^~~
configure:3934: $? = 0
configure:3938: gcc -c conftest.c -o conftest.ooo 1>&5
conftest.c:1:1: warning: return type defaults to 'int' [-Wimplicit-int]
    1 | foo(){}
      | ^~~
configure:3941: $? = 0
configure:3942: gcc -c conftest.c -o conftest.ooo 1>&5
conftest.c:1:1: warning: return type defaults to 'int' [-Wimplicit-int]
    1 | foo(){}
      | ^~~
configure:3945: $? = 0
configure:3958: result: yes
configure:3972: checking for vsscanf
configure:3972: gcc -o conftest -g -O2   conftest.c  >&5
conftest.c:48:6: warning: conflicting types for built-in function 'vsscanf'; expected 'int(const char *, const char *, __va_list_tag *)' [-Wbuiltin-declaration-mismatch]
   48 | char vsscanf ();
      |      ^~~~~~~
conftest.c:36:1: note: 'vsscanf' is declared in header '<stdio.h>'
   35 | # include <limits.h>
   36 | #else
configure:3972: $? = 0
configure:3972: result: yes
configure:3972: checking for usleep
configure:3972: gcc -o conftest -g -O2   conftest.c  >&5
configure:3972: $? = 0
configure:3972: result: yes
configure:3972: checking for poll
configure:3972: gcc -o conftest -g -O2   conftest.c  >&5
configure:3972: $? = 0
configure:3972: result: yes
configure:3972: checking for vsnprintf
configure:3972: gcc -o conftest -g -O2   conftest.c  >&5
conftest.c:51:6: warning: conflicting types for built-in function 'vsnprintf'; expected 'int(char *, long unsigned int,  const char *, __va_list_tag *)' [-Wbuiltin-declaration-mismatch]
   51 | char vsnprintf ();
      |      ^~~~~~~~~
conftest.c:39:1: note: 'vsnprintf' is declared in header '<stdio.h>'
   38 | # include <limits.h>
   39 | #else
configure:3972: $? = 0
configure:3972: result: yes
configure:3982: checking for X
configure:4121: gcc -o conftest -g -O2   conftest.c -lX11  >&5
configure:4121: $? = 0
configure:4171: result: libraries , headers 
configure:4373: checking DECkeysym.h usability
configure:4373: gcc -c -g -O2  -I/usr/include/X11 -I/usr/include conftest.c >&5
configure:4373: $? = 0
configure:4373: result: yes
configure:4373: checking DECkeysym.h presence
configure:4373: gcc -E  -I/usr/include/X11 -I/usr/include conftest.c
configure:4373: $? = 0
configure:4373: result: yes
configure:4373: checking for DECkeysym.h
configure:4373: result: yes
configure:4373: checking Sunkeysym.h usability
configure:4373: gcc -c -g -O2  -I/usr/include/X11 -I/usr/include conftest.c >&5
configure:4373: $? = 0
configure:4373: result: yes
configure:4373: checking Sunkeysym.h presence
configure:4373: gcc -E  -I/usr/include/X11 -I/usr/include conftest.c
configure:4373: $? = 0
configure:4373: result: yes
configure:4373: checking for Sunkeysym.h
configure:4373: result: yes
configure:4373: checking xpm.h usability
configure:4373: gcc -c -g -O2  -I/usr/include/X11 -I/usr/include conftest.c >&5
configure:4373: $? = 0
configure:4373: result: yes
configure:4373: checking xpm.h presence
configure:4373: gcc -E  -I/usr/include/X11 -I/usr/include conftest.c
configure:4373: $? = 0
configure:4373: result: yes
configure:4373: checking for xpm.h
configure:4373: result: yes
configure:4390: checking if XPointer is typedefed:
configure:4403: gcc -c -g -O2   -I/usr/include/X11 -I/usr/include conftest.c >&5
configure:4403: $? = 0
configure:4417: result: yes
configure:4545: checking shared library extension
configure:4567: result: .so
configure:4644: checking compiler flags for a dynamic object
configure:4660: gcc -c -c -fPIC conftest.c > conftest.tmp 2>&1
configure:4663: $? = 1
configure:4671: result: -fPIC
configure:4877: creating ./config.status

## ---------------------- ##
## Running config.status. ##
## ---------------------- ##

This file was extended by PDCurses config.status 3.8, which was
generated by GNU Autoconf 2.69.  Invocation command line was

  CONFIG_FILES    = 
  CONFIG_HEADERS  = 
  CONFIG_LINKS    = 
  CONFIG_COMMANDS = 
  $ ./config.status 

on SUSPRO554U

config.status:847: creating Makefile
config.status:847: creating xcurses-config
config.status:847: creating config.h

## ---------------- ##
## Cache variables. ##
## ---------------- ##

ac_cv_build=x86_64-unknown-linux-gnu
ac_cv_c_compiler_gnu=yes
ac_cv_env_CC_set=
ac_cv_env_CC_value=
ac_cv_env_CFLAGS_set=
ac_cv_env_CFLAGS_value=
ac_cv_env_CPPFLAGS_set=
ac_cv_env_CPPFLAGS_value=
ac_cv_env_CPP_set=
ac_cv_env_CPP_value=
ac_cv_env_LDFLAGS_set=
ac_cv_env_LDFLAGS_value=
ac_cv_env_LIBS_set=
ac_cv_env_LIBS_value=
ac_cv_env_XMKMF_set=
ac_cv_env_XMKMF_value=
ac_cv_env_build_alias_set=
ac_cv_env_build_alias_value=
ac_cv_env_host_alias_set=
ac_cv_env_host_alias_value=
ac_cv_env_target_alias_set=
ac_cv_env_target_alias_value=
ac_cv_func_poll=yes
ac_cv_func_usleep=yes
ac_cv_func_vsnprintf=yes
ac_cv_func_vsscanf=yes
ac_cv_have_x='have_x=yes	ac_x_includes='\'''\''	ac_x_libraries='\'''\'''
ac_cv_header_DECkeysym_h=yes
ac_cv_header_Sunkeysym_h=yes
ac_cv_header_dl_h=no
ac_cv_header_dlfcn_h=yes
ac_cv_header_fcntl_h=yes
ac_cv_header_inttypes_h=yes
ac_cv_header_memory_h=yes
ac_cv_header_stdc=yes
ac_cv_header_stdint_h=yes
ac_cv_header_stdlib_h=yes
ac_cv_header_string_h=yes
ac_cv_header_strings_h=yes
ac_cv_header_sys_ipc_h=yes
ac_cv_header_sys_select_h=yes
ac_cv_header_sys_stat_h=yes
ac_cv_header_sys_time_h=yes
ac_cv_header_sys_types_h=yes
ac_cv_header_time=yes
ac_cv_header_unistd_h=yes
ac_cv_header_xpm_h=yes
ac_cv_host=x86_64-unknown-linux-gnu
ac_cv_lib_nls___main=no
ac_cv_lib_socket___main=no
ac_cv_objext=o
ac_cv_path_EGREP='/usr/bin/grep -E'
ac_cv_path_GREP=/usr/bin/grep
ac_cv_path_install='/usr/bin/install -c'
ac_cv_prog_CPP='gcc -E'
ac_cv_prog_ac_ct_CC=gcc
ac_cv_prog_ac_ct_RANLIB=ranlib
ac_cv_prog_cc_c89=
ac_cv_prog_cc_g=yes
ac_cv_prog_cc_gcc_c_o=yes
ac_cv_prog_make_make_set=yes
ac_cv_target=x86_64-unknown-linux-gnu
mh_cv_flags='-fPIC -KPIC +Z'
mh_cv_max_signals=NSIG
mh_cv_stop=no

## ----------------- ##
## Output variables. ##
## ----------------- ##

CC2O='-o $@'
CC='gcc'
CFLAGS=' -O2'
CPP='gcc -E'
CPPFLAGS=''
DEFS='-DHAVE_CONFIG_H'
DYN_COMP='-fPIC -DDYNAMIC'
ECHO_C=''
ECHO_N='-n'
ECHO_T=''
EGREP='/usr/bin/grep -E'
EXEEXT=''
GREP='/usr/bin/grep'
INSTALL_DATA='${INSTALL} -m 644'
INSTALL_PROGRAM='${INSTALL}'
INSTALL_SCRIPT='${INSTALL}'
LDFLAGS=''
LD_RXLIB1='gcc -shared'
LIBOBJS=''
LIBS=''
LTLIBOBJS=''
MH_EXTRA_LIBS=''
MH_XINC_DIR='-I/usr/include/X11 -I/usr/include'
MH_XLIBS='  -L/usr/lib -lXaw -lXmu -lXt -lX11 -lSM -lICE -lXext   -lXpm'
O2SAVE=''
OBJEXT='o'
PACKAGE_BUGREPORT='wmcbrine@gmail.com'
PACKAGE_NAME='PDCurses'
PACKAGE_STRING='PDCurses 3.8'
PACKAGE_TARNAME='PDCurses'
PACKAGE_URL=''
PACKAGE_VERSION='3.8'
PATH_SEPARATOR=':'
PDC_WIDE=''
PURIFY=''
RANLIB='ranlib'
RXPACKEXPORTS=''
SAVE2O=''
SET_MAKE=''
SHELL='/bin/sh'
SHLPRE='lib'
SHLPST='.so'
SHL_TARGETS=' libXCurses.so'
SYS_DEFS=''
XMKMF=''
ac_ct_CC='gcc'
bindir='${exec_prefix}/bin'
build='x86_64-unknown-linux-gnu'
build_alias=''
build_cpu='x86_64'
build_os='linux-gnu'
build_vendor='unknown'
datadir='${datarootdir}'
datarootdir='${prefix}/share'
docdir='${datarootdir}/doc/${PACKAGE_TARNAME}'
dvidir='${docdir}'
exec_prefix='${prefix}'
host='x86_64-unknown-linux-gnu'
host_alias=''
host_cpu='x86_64'
host_os='linux-gnu'
host_vendor='unknown'
htmldir='${docdir}'
includedir='${prefix}/include'
infodir='${datarootdir}/info'
libdir='${exec_prefix}/lib'
libexecdir='${exec_prefix}/libexec'
localedir='${datarootdir}/locale'
localstatedir='${prefix}/var'
mandir='${datarootdir}/man'
oldincludedir='/usr/include'
pdfdir='${docdir}'
prefix='/usr/local'
program_transform_name='s,x,x,'
psdir='${docdir}'
runstatedir='${localstatedir}/run'
sbindir='${exec_prefix}/sbin'
sharedstatedir='${prefix}/com'
sysconfdir='${prefix}/etc'
target='x86_64-unknown-linux-gnu'
target_alias=''
target_cpu='x86_64'
target_os='linux-gnu'
target_vendor='unknown'

## ----------- ##
## confdefs.h. ##
## ----------- ##

/* confdefs.h */
#define PACKAGE_NAME "PDCurses"
#define PACKAGE_TARNAME "PDCurses"
#define PACKAGE_VERSION "3.8"
#define PACKAGE_STRING "PDCurses 3.8"
#define PACKAGE_BUGREPORT "wmcbrine@gmail.com"
#define PACKAGE_URL ""
#define PDC_MAX_SIGNALS NSIG
#define STDC_HEADERS 1
#define HAVE_SYS_TYPES_H 1
#define HAVE_SYS_STAT_H 1
#define HAVE_STDLIB_H 1
#define HAVE_STRING_H 1
#define HAVE_MEMORY_H 1
#define HAVE_STRINGS_H 1
#define HAVE_INTTYPES_H 1
#define HAVE_STDINT_H 1
#define HAVE_UNISTD_H 1
#define HAVE_FCNTL_H 1
#define HAVE_SYS_TIME_H 1
#define HAVE_SYS_SELECT_H 1
#define HAVE_DLFCN_H 1
#define TIME_WITH_SYS_TIME 1
#define HAVE_VSSCANF 1
#define HAVE_USLEEP 1
#define HAVE_POLL 1
#define HAVE_VSNPRINTF 1
#define HAVE_DECKEYSYM_H 1
#define HAVE_SUNKEYSYM_H 1
#define HAVE_XPM_H 1
#define XPOINTER_TYPEDEFED 1
#define PDC_MAX_SIGNALS /**/
#define HAVE_DECKEYSYM_H /**/
#define HAVE_SUNKEYSYM_H /**/
#define HAVE_XPM_H /**/
#define USE_XAW3D /**/
#define USE_NEXTAW /**/
#define XPOINTER_TYPEDEFED /**/

configure: exit 0
